
> churchill-control@1.0.0 build
> next build

  ▲ Next.js 14.2.5
  - Environments: .env.local

   Creating an optimized production build ...
Failed to compile.

./lib/finance/accounts-receivable/createCustomerInvoice.js
Error: 
  [31mx[0m the name `organization_id` is bound more than once in this parameter list
    ,-[[36;1;4m/Users/leynaelizan/Projects/churchill-control-new/lib/finance/accounts-receivable/createCustomerInvoice.js[0m:3:1]
 [2m 3[0m | 
 [2m 4[0m | export default async function createCustomerInvoice({
 [2m 5[0m | 
 [2m 6[0m |   organization_id,
    : [31;1m  ^^^^^^^|^^^^^^^[0m
    :          [31;1m`-- [31;1mprevious definition here[0m[0m
 [2m 7[0m |   organization_id,
    : [33;1m  ^^^^^^^|^^^^^^^[0m
    :          [33;1m`-- [33;1mused as parameter more than once[0m[0m
 [2m 8[0m |   customer_id,
 [2m 9[0m | 
 [2m10[0m |   invoice_number,
    `----

Import trace for requested module:
./lib/finance/accounts-receivable/createCustomerInvoice.js
./app/api/finance/customer-invoices/create/route.js

./lib/finance/accounts-receivable/postCustomerPayment.js
Error: 
  [31mx[0m the name `organization_id` is bound more than once in this parameter list
   ,-[[36;1;4m/Users/leynaelizan/Projects/churchill-control-new/lib/finance/accounts-receivable/postCustomerPayment.js[0m:3:1]
 [2m3[0m | 
 [2m4[0m | export default async function postCustomerPayment({
 [2m5[0m | 
 [2m6[0m |   organization_id,
   : [31;1m  ^^^^^^^|^^^^^^^[0m
   :          [31;1m`-- [31;1mprevious definition here[0m[0m
 [2m7[0m |   organization_id,
   : [33;1m  ^^^^^^^|^^^^^^^[0m
   :          [33;1m`-- [33;1mused as parameter more than once[0m[0m
 [2m8[0m |   customer_id,
 [2m9[0m |   customer_invoice_id,
   `----

Import trace for requested module:
./lib/finance/accounts-receivable/postCustomerPayment.js
./app/api/finance/customer-payments/create/route.js

./lib/finance/fixed-assets/createFixedAsset.js
Error: 
  [31mx[0m the name `organization_id` is bound more than once in this parameter list
    ,-[[36;1;4m/Users/leynaelizan/Projects/churchill-control-new/lib/finance/fixed-assets/createFixedAsset.js[0m:4:1]
 [2m 4[0m | } from "@/lib/shared/supabase/admin";
 [2m 5[0m | 
 [2m 6[0m | export default async function createFixedAsset({
 [2m 7[0m |   organization_id,
    : [31;1m  ^^^^^^^|^^^^^^^[0m
    :          [31;1m`-- [31;1mprevious definition here[0m[0m
 [2m 8[0m |   organization_id,
    : [33;1m  ^^^^^^^|^^^^^^^[0m
    :          [33;1m`-- [33;1mused as parameter more than once[0m[0m
 [2m 9[0m |   asset_name,
 [2m10[0m |   asset_category = null,
 [2m11[0m |   purchase_date = null,
    `----

Import trace for requested module:
./lib/finance/fixed-assets/createFixedAsset.js
./app/api/finance/fixed-assets/create/route.js

./lib/finance/gl-posting/postVendorPaymentGL.js
Error: 
  [31mx[0m the name `organization_id` is bound more than once in this parameter list
   ,-[[36;1;4m/Users/leynaelizan/Projects/churchill-control-new/lib/finance/gl-posting/postVendorPaymentGL.js[0m:2:1]
 [2m2[0m | import { postAutomaticJournal } from "@/lib/finance/accounting/postAutomaticJournal";
 [2m3[0m | 
 [2m4[0m | export default async function postVendorPaymentGL({
 [2m5[0m |   organization_id,
   : [31;1m  ^^^^^^^|^^^^^^^[0m
   :          [31;1m`-- [31;1mprevious definition here[0m[0m
 [2m6[0m |   organization_id,
   : [33;1m  ^^^^^^^|^^^^^^^[0m
   :          [33;1m`-- [33;1mused as parameter more than once[0m[0m
 [2m7[0m |   payment_id,
 [2m8[0m |   amount,
 [2m9[0m |   created_by = "system",
   `----

Import trace for requested module:
./lib/finance/gl-posting/postVendorPaymentGL.js
./app/api/finance/gl-posting/route.js

./lib/finance/vendor-invoices/createVendorInvoice.js
Error: 
  [31mx[0m the name `organization_id` is bound more than once in this parameter list
   ,-[[36;1;4m/Users/leynaelizan/Projects/churchill-control-new/lib/finance/vendor-invoices/createVendorInvoice.js[0m:2:1]
 [2m2[0m | import { supabaseAdmin } from "@/lib/shared/supabase/admin";
 [2m3[0m | 
 [2m4[0m | export default async function createVendorInvoice({
 [2m5[0m |   organization_id,
   : [31;1m  ^^^^^^^|^^^^^^^[0m
   :          [31;1m`-- [31;1mprevious definition here[0m[0m
 [2m6[0m |   organization_id,
   : [33;1m  ^^^^^^^|^^^^^^^[0m
   :          [33;1m`-- [33;1mused as parameter more than once[0m[0m
 [2m7[0m |   vendor_id,
 [2m8[0m |   invoice_number,
 [2m9[0m |   invoice_date,
   `----

Import trace for requested module:
./lib/finance/vendor-invoices/createVendorInvoice.js
./app/api/finance/accounts-payable/route.js


> Build failed because of webpack errors
